  [1m[36m (0.1ms)[0m  [1mselect sqlite_version(*)[0m
  [1m[35m (37.9ms)[0m  CREATE TABLE "schema_migrations" ("version" varchar(255) NOT NULL) 
  [1m[36m (0.1ms)[0m  [1mPRAGMA index_list("schema_migrations")[0m
  [1m[35m (12.8ms)[0m  CREATE UNIQUE INDEX "unique_schema_migrations" ON "schema_migrations" ("version")
  [1m[36m (0.1ms)[0m  [1mSELECT "schema_migrations"."version" FROM "schema_migrations" [0m
Migrating to DeviseCreateUsers (20130705125335)
  [1m[35m (0.8ms)[0m  CREATE TABLE "users" ("id" INTEGER PRIMARY KEY AUTOINCREMENT NOT NULL, "name" varchar(255) DEFAULT '' NOT NULL, "email" varchar(255) DEFAULT '' NOT NULL, "encrypted_password" varchar(255) DEFAULT '' NOT NULL, "reset_password_token" varchar(255), "reset_password_sent_at" datetime, "remember_created_at" datetime, "sign_in_count" integer DEFAULT 0, "current_sign_in_at" datetime, "last_sign_in_at" datetime, "current_sign_in_ip" varchar(255), "last_sign_in_ip" varchar(255), "confirmation_token" varchar(255), "confirmed_at" datetime, "confirmation_sent_at" datetime, "authentication_token" varchar(255), "created_at" datetime, "updated_at" datetime) 
  [1m[36m (0.1ms)[0m  [1mPRAGMA index_list("users")[0m
  [1m[35m (0.5ms)[0m  CREATE UNIQUE INDEX "index_users_on_email" ON "users" ("email")
  [1m[36m (0.2ms)[0m  [1mPRAGMA index_list("users")[0m
  [1m[35m (0.0ms)[0m  PRAGMA index_info('index_users_on_email')
  [1m[36m (0.4ms)[0m  [1mCREATE UNIQUE INDEX "index_users_on_reset_password_token" ON "users" ("reset_password_token")[0m
  [1m[35m (0.2ms)[0m  PRAGMA index_list("users")
  [1m[36m (0.0ms)[0m  [1mPRAGMA index_info('index_users_on_reset_password_token')[0m
  [1m[35m (0.0ms)[0m  PRAGMA index_info('index_users_on_email')
  [1m[36m (0.2ms)[0m  [1mCREATE UNIQUE INDEX "index_users_on_confirmation_token" ON "users" ("confirmation_token")[0m
  [1m[35m (0.1ms)[0m  PRAGMA index_list("users")
  [1m[36m (0.0ms)[0m  [1mPRAGMA index_info('index_users_on_confirmation_token')[0m
  [1m[35m (0.1ms)[0m  PRAGMA index_info('index_users_on_reset_password_token')
  [1m[36m (0.0ms)[0m  [1mPRAGMA index_info('index_users_on_email')[0m
  [1m[35m (0.2ms)[0m  CREATE UNIQUE INDEX "index_users_on_authentication_token" ON "users" ("authentication_token")
  [1m[36m (0.2ms)[0m  [1mINSERT INTO "schema_migrations" ("version") VALUES ('20130705125335')[0m
  [1m[35m (1.2ms)[0m  select sqlite_version(*)
  [1m[36m (0.1ms)[0m  [1mSELECT "schema_migrations"."version" FROM "schema_migrations" [0m
  [1m[35m (0.1ms)[0m  PRAGMA index_list("users")
  [1m[36m (0.3ms)[0m  [1mPRAGMA index_info('index_users_on_authentication_token')[0m
  [1m[35m (0.1ms)[0m  PRAGMA index_info('index_users_on_confirmation_token')
  [1m[36m (0.0ms)[0m  [1mPRAGMA index_info('index_users_on_reset_password_token')[0m
  [1m[35m (0.0ms)[0m  PRAGMA index_info('index_users_on_email')


Started POST "/api/v1/sessions" for 127.0.0.1 at 2013-07-05 16:30:25 +0300
  Processing by Api::V1::SessionsController#create as JSON
  Parameters: {"user"=>{"email"=>"user@example.com", "password"=>"[FILTERED]"}, "session"=>{"user"=>{"email"=>"user@example.com", "password"=>"[FILTERED]"}, "action"=>"create", "controller"=>"api/v1/sessions"}}
Completed 401 Unauthorized in 1ms


Started POST "/api/v1/sessions" for 127.0.0.1 at 2013-07-05 16:30:46 +0300
  Processing by Api::V1::SessionsController#create as JSON
  Parameters: {"user"=>{"email"=>"user@example.com", "password"=>"[FILTERED]"}, "session"=>{"user"=>{"email"=>"user@example.com", "password"=>"[FILTERED]"}, "action"=>"create", "controller"=>"api/v1/sessions"}}
  [1m[36mUser Load (0.4ms)[0m  [1mSELECT "users".* FROM "users" WHERE "users"."email" = 'user@example.com' LIMIT 1[0m
  [1m[35m (0.8ms)[0m  UPDATE "users" SET "last_sign_in_at" = '2013-07-05 13:30:46.955207', "current_sign_in_at" = '2013-07-05 13:30:46.955207', "last_sign_in_ip" = '127.0.0.1', "current_sign_in_ip" = '127.0.0.1', "sign_in_count" = 1, "updated_at" = '2013-07-05 13:30:46.955727' WHERE "users"."id" = 1
Completed 200 OK in 427ms (Views: 3.5ms | ActiveRecord: 7.3ms)


Started DELETE "/api/v1/sessions/?auth_token=UmMZ5q21zNG4uUxSTz7W" for 127.0.0.1 at 2013-07-05 16:33:11 +0300
  Processing by Api::V1::SessionsController#destroy as JSON
  Parameters: {"auth_token"=>"UmMZ5q21zNG4uUxSTz7W", "session"=>{"auth_token"=>"UmMZ5q21zNG4uUxSTz7W", "action"=>"destroy", "controller"=>"api/v1/sessions"}}
  [1m[36mUser Load (0.3ms)[0m  [1mSELECT "users".* FROM "users" WHERE "users"."authentication_token" = 'UmMZ5q21zNG4uUxSTz7W' LIMIT 1[0m
  [1m[35m (0.6ms)[0m  UPDATE "users" SET "current_sign_in_at" = '2013-07-05 13:33:11.991576', "sign_in_count" = 2, "updated_at" = '2013-07-05 13:33:11.992120' WHERE "users"."id" = 1
  [1m[36mSQL (15.9ms)[0m  [1mUPDATE "users" SET "authentication_token" = NULL WHERE "users"."id" = 1[0m
Completed 200 OK in 192ms (Views: 2.7ms | ActiveRecord: 18.0ms)


Started POST "/api/v1/sessions" for 127.0.0.1 at 2013-07-07 11:02:25 +0300
  Processing by Api::V1::SessionsController#create as JSON
  Parameters: {"user"=>{"email"=>"user@example.com", "password"=>"[FILTERED]"}, "session"=>{"user"=>{"email"=>"user@example.com", "password"=>"[FILTERED]"}, "action"=>"create", "controller"=>"api/v1/sessions"}}
Completed 401 Unauthorized in 2ms


Started POST "/api/v1/sessions" for 127.0.0.1 at 2013-07-07 11:02:35 +0300
  Processing by Api::V1::SessionsController#create as JSON
  Parameters: {"user"=>{"email"=>"user@example.com", "password"=>"[FILTERED]"}, "session"=>{"user"=>{"email"=>"user@example.com", "password"=>"[FILTERED]"}, "action"=>"create", "controller"=>"api/v1/sessions"}}
  [1m[36mUser Load (0.7ms)[0m  [1mSELECT "users".* FROM "users" WHERE "users"."email" = 'user@example.com' LIMIT 1[0m
  [1m[35mUser Load (0.2ms)[0m  SELECT "users".* FROM "users" WHERE "users"."authentication_token" = 'XmGZDH6teXiM3SzuiNfy' LIMIT 1
  [1m[36m (11.9ms)[0m  [1mUPDATE "users" SET "last_sign_in_at" = '2013-07-05 13:33:11.991576', "current_sign_in_at" = '2013-07-07 08:02:36.241867', "sign_in_count" = 3, "authentication_token" = 'XmGZDH6teXiM3SzuiNfy', "updated_at" = '2013-07-07 08:02:36.243780' WHERE "users"."id" = 1[0m
Completed 200 OK in 506ms (Views: 12.5ms | ActiveRecord: 15.8ms)


Started POST "/api/v1/registrations" for 127.0.0.1 at 2013-07-07 11:07:52 +0300
  Processing by Api::V1::RegistrationsController#create as JSON
  Parameters: {"user"=>{"email"=>"user1@example.com", "name"=>"anotheruser", "password"=>"[FILTERED]", "password_confirmation"=>"[FILTERED]"}, "registration"=>{"user"=>{"email"=>"user1@example.com", "name"=>"anotheruser", "password"=>"[FILTERED]", "password_confirmation"=>"[FILTERED]"}, "action"=>"create", "controller"=>"api/v1/registrations"}}
  [1m[35m (0.3ms)[0m  SELECT 1 FROM "users" WHERE "users"."email" = 'user1@example.com' LIMIT 1
  [1m[36mUser Load (1.2ms)[0m  [1mSELECT "users".* FROM "users" WHERE "users"."authentication_token" = 'UY8DxTSqqQcgwuCXnsUy' LIMIT 1[0m
  [1m[35mSQL (43.8ms)[0m  INSERT INTO "users" ("authentication_token", "confirmation_sent_at", "confirmation_token", "confirmed_at", "created_at", "current_sign_in_at", "current_sign_in_ip", "email", "encrypted_password", "last_sign_in_at", "last_sign_in_ip", "name", "remember_created_at", "reset_password_sent_at", "reset_password_token", "sign_in_count", "updated_at") VALUES (?, ?, ?, ?, ?, ?, ?, ?, ?, ?, ?, ?, ?, ?, ?, ?, ?)  [["authentication_token", "UY8DxTSqqQcgwuCXnsUy"], ["confirmation_sent_at", nil], ["confirmation_token", nil], ["confirmed_at", Sun, 07 Jul 2013 08:07:53 UTC +00:00], ["created_at", Sun, 07 Jul 2013 08:07:53 UTC +00:00], ["current_sign_in_at", nil], ["current_sign_in_ip", nil], ["email", "user1@example.com"], ["encrypted_password", "$2a$10$QD6A8PhYE2eKZApUDDRiIOgXCBihAj3VGq//13mGoKb4jq0sDzxSq"], ["last_sign_in_at", nil], ["last_sign_in_ip", nil], ["name", "anotheruser"], ["remember_created_at", nil], ["reset_password_sent_at", nil], ["reset_password_token", nil], ["sign_in_count", 0], ["updated_at", Sun, 07 Jul 2013 08:07:53 UTC +00:00]]
  [1m[36m (0.5ms)[0m  [1mUPDATE "users" SET "last_sign_in_at" = '2013-07-07 08:07:53.660741', "current_sign_in_at" = '2013-07-07 08:07:53.660741', "last_sign_in_ip" = '127.0.0.1', "current_sign_in_ip" = '127.0.0.1', "sign_in_count" = 1, "updated_at" = '2013-07-07 08:07:53.661527' WHERE "users"."id" = 2[0m
Completed 200 OK in 598ms (Views: 2.7ms | ActiveRecord: 48.0ms)
  [1m[36m (0.3ms)[0m  [1mSELECT "schema_migrations"."version" FROM "schema_migrations" [0m
Migrating to DeviseCreateUsers (20130705125335)
Migrating to DeviseCreateAdminUsers (20130707081353)
  [1m[35m (0.2ms)[0m  select sqlite_version(*)
  [1m[36m (1.7ms)[0m  [1mCREATE TABLE "admin_users" ("id" INTEGER PRIMARY KEY AUTOINCREMENT NOT NULL, "email" varchar(255) DEFAULT '' NOT NULL, "encrypted_password" varchar(255) DEFAULT '' NOT NULL, "reset_password_token" varchar(255), "reset_password_sent_at" datetime, "remember_created_at" datetime, "sign_in_count" integer DEFAULT 0, "current_sign_in_at" datetime, "last_sign_in_at" datetime, "current_sign_in_ip" varchar(255), "last_sign_in_ip" varchar(255), "created_at" datetime, "updated_at" datetime) [0m
  [1m[35m (0.1ms)[0m  PRAGMA index_list("admin_users")
  [1m[36m (0.8ms)[0m  [1mCREATE UNIQUE INDEX "index_admin_users_on_email" ON "admin_users" ("email")[0m
  [1m[35m (0.1ms)[0m  PRAGMA index_list("admin_users")
  [1m[36m (0.1ms)[0m  [1mPRAGMA index_info('index_admin_users_on_email')[0m
  [1m[35m (0.5ms)[0m  CREATE UNIQUE INDEX "index_admin_users_on_reset_password_token" ON "admin_users" ("reset_password_token")
  [1m[36m (0.1ms)[0m  [1mSELECT 1 FROM "admin_users" WHERE "admin_users"."email" = 'admin@example.com' LIMIT 1[0m
  [1m[35mSQL (0.4ms)[0m  INSERT INTO "admin_users" ("created_at", "current_sign_in_at", "current_sign_in_ip", "email", "encrypted_password", "last_sign_in_at", "last_sign_in_ip", "remember_created_at", "reset_password_sent_at", "reset_password_token", "sign_in_count", "updated_at") VALUES (?, ?, ?, ?, ?, ?, ?, ?, ?, ?, ?, ?)  [["created_at", Sun, 07 Jul 2013 08:14:35 UTC +00:00], ["current_sign_in_at", nil], ["current_sign_in_ip", nil], ["email", "admin@example.com"], ["encrypted_password", "$2a$10$0WZiwyCdkMAR609XLK2bauDQ1gsE7v3Isy5s/fWBqdXj8mu0MGf3u"], ["last_sign_in_at", nil], ["last_sign_in_ip", nil], ["remember_created_at", nil], ["reset_password_sent_at", nil], ["reset_password_token", nil], ["sign_in_count", 0], ["updated_at", Sun, 07 Jul 2013 08:14:35 UTC +00:00]]
  [1m[36m (0.1ms)[0m  [1mINSERT INTO "schema_migrations" ("version") VALUES ('20130707081353')[0m
Migrating to CreateAdminNotes (20130707081405)
  [1m[35m (0.6ms)[0m  CREATE TABLE "admin_notes" ("id" INTEGER PRIMARY KEY AUTOINCREMENT NOT NULL, "resource_id" varchar(255) NOT NULL, "resource_type" varchar(255) NOT NULL, "admin_user_id" integer, "admin_user_type" varchar(255), "body" text, "created_at" datetime, "updated_at" datetime) 
  [1m[36m (0.0ms)[0m  [1mPRAGMA index_list("admin_notes")[0m
  [1m[35m (0.2ms)[0m  CREATE INDEX "index_admin_notes_on_resource_type_and_resource_id" ON "admin_notes" ("resource_type", "resource_id")
  [1m[36m (0.0ms)[0m  [1mPRAGMA index_list("admin_notes")[0m
  [1m[35m (0.2ms)[0m  PRAGMA index_info('index_admin_notes_on_resource_type_and_resource_id')
  [1m[36m (0.2ms)[0m  [1mCREATE INDEX "index_admin_notes_on_admin_user_type_and_admin_user_id" ON "admin_notes" ("admin_user_type", "admin_user_id")[0m
  [1m[35m (0.1ms)[0m  INSERT INTO "schema_migrations" ("version") VALUES ('20130707081405')
Migrating to MoveAdminNotesToComments (20130707081406)
  [1m[36m (0.2ms)[0m  [1mPRAGMA index_list("admin_notes")[0m
  [1m[35m (0.1ms)[0m  PRAGMA index_info('index_admin_notes_on_admin_user_type_and_admin_user_id')
  [1m[36m (0.1ms)[0m  [1mPRAGMA index_info('index_admin_notes_on_resource_type_and_resource_id')[0m
  [1m[35m (0.7ms)[0m  DROP INDEX "index_admin_notes_on_admin_user_type_and_admin_user_id"
  [1m[36m (0.4ms)[0m  [1mALTER TABLE "admin_notes" RENAME TO "active_admin_comments"[0m
  [1m[35m (2.0ms)[0m  CREATE TEMPORARY TABLE "altered_active_admin_comments" ("id" INTEGER PRIMARY KEY AUTOINCREMENT NOT NULL, "resource_id" varchar(255) NOT NULL, "resource_type" varchar(255) NOT NULL, "admin_user_id" integer, "author_type" varchar(255), "body" text, "created_at" datetime, "updated_at" datetime) 
  [1m[36m (0.1ms)[0m  [1mPRAGMA index_list("active_admin_comments")[0m
  [1m[35m (0.1ms)[0m  PRAGMA index_info('index_admin_notes_on_resource_type_and_resource_id')
  [1m[36m (0.1ms)[0m  [1mPRAGMA index_list("altered_active_admin_comments")[0m
  [1m[35m (0.3ms)[0m  CREATE INDEX "temp_index_admin_notes_on_resource_type_and_resource_id" ON "altered_active_admin_comments" ("resource_type", "resource_id")
  [1m[36m (0.1ms)[0m  [1mSELECT * FROM "active_admin_comments"[0m
  [1m[35m (0.5ms)[0m  DROP TABLE "active_admin_comments"
  [1m[36m (0.8ms)[0m  [1mCREATE TABLE "active_admin_comments" ("id" INTEGER PRIMARY KEY AUTOINCREMENT NOT NULL, "resource_id" varchar(255) NOT NULL, "resource_type" varchar(255) NOT NULL, "admin_user_id" integer, "author_type" varchar(255), "body" text, "created_at" datetime, "updated_at" datetime) [0m
  [1m[35m (0.1ms)[0m  PRAGMA index_list("altered_active_admin_comments")
  [1m[36m (0.1ms)[0m  [1mPRAGMA index_info('temp_index_admin_notes_on_resource_type_and_resource_id')[0m
  [1m[35m (0.1ms)[0m  PRAGMA index_list("active_admin_comments")
  [1m[36m (0.2ms)[0m  [1mCREATE INDEX "index_admin_notes_on_resource_type_and_resource_id" ON "active_admin_comments" ("resource_type", "resource_id")[0m
  [1m[35m (0.1ms)[0m  SELECT * FROM "altered_active_admin_comments"
  [1m[36m (0.3ms)[0m  [1mDROP TABLE "altered_active_admin_comments"[0m
  [1m[35m (0.3ms)[0m  CREATE TEMPORARY TABLE "altered_active_admin_comments" ("id" INTEGER PRIMARY KEY AUTOINCREMENT NOT NULL, "resource_id" varchar(255) NOT NULL, "resource_type" varchar(255) NOT NULL, "author_id" integer, "author_type" varchar(255), "body" text, "created_at" datetime, "updated_at" datetime) 
  [1m[36m (0.0ms)[0m  [1mPRAGMA index_list("active_admin_comments")[0m
  [1m[35m (0.1ms)[0m  PRAGMA index_info('index_admin_notes_on_resource_type_and_resource_id')
  [1m[36m (0.1ms)[0m  [1mPRAGMA index_list("altered_active_admin_comments")[0m
  [1m[35m (0.2ms)[0m  CREATE INDEX "temp_index_admin_notes_on_resource_type_and_resource_id" ON "altered_active_admin_comments" ("resource_type", "resource_id")
  [1m[36m (0.3ms)[0m  [1mSELECT * FROM "active_admin_comments"[0m
  [1m[35m (0.9ms)[0m  DROP TABLE "active_admin_comments"
  [1m[36m (0.3ms)[0m  [1mCREATE TABLE "active_admin_comments" ("id" INTEGER PRIMARY KEY AUTOINCREMENT NOT NULL, "resource_id" varchar(255) NOT NULL, "resource_type" varchar(255) NOT NULL, "author_id" integer, "author_type" varchar(255), "body" text, "created_at" datetime, "updated_at" datetime) [0m
  [1m[35m (0.1ms)[0m  PRAGMA index_list("altered_active_admin_comments")
  [1m[36m (0.2ms)[0m  [1mPRAGMA index_info('temp_index_admin_notes_on_resource_type_and_resource_id')[0m
  [1m[35m (0.2ms)[0m  PRAGMA index_list("active_admin_comments")
  [1m[36m (0.3ms)[0m  [1mCREATE INDEX "index_admin_notes_on_resource_type_and_resource_id" ON "active_admin_comments" ("resource_type", "resource_id")[0m
  [1m[35m (0.2ms)[0m  SELECT * FROM "altered_active_admin_comments"
  [1m[36m (0.3ms)[0m  [1mDROP TABLE "altered_active_admin_comments"[0m
  [1m[35m (0.4ms)[0m  ALTER TABLE "active_admin_comments" ADD "namespace" varchar(255)
  [1m[36m (0.1ms)[0m  [1mPRAGMA index_list("active_admin_comments")[0m
  [1m[35m (0.0ms)[0m  PRAGMA index_info('index_admin_notes_on_resource_type_and_resource_id')
  [1m[36m (0.2ms)[0m  [1mCREATE INDEX "index_active_admin_comments_on_namespace" ON "active_admin_comments" ("namespace")[0m
  [1m[35m (0.2ms)[0m  PRAGMA index_list("active_admin_comments")
  [1m[36m (0.3ms)[0m  [1mPRAGMA index_info('index_active_admin_comments_on_namespace')[0m
  [1m[35m (0.0ms)[0m  PRAGMA index_info('index_admin_notes_on_resource_type_and_resource_id')
  [1m[36m (0.9ms)[0m  [1mCREATE INDEX "index_active_admin_comments_on_author_type_and_author_id" ON "active_admin_comments" ("author_type", "author_id")[0m
  [1m[35m (0.5ms)[0m  UPDATE active_admin_comments SET namespace='admin'
  [1m[36m (0.2ms)[0m  [1mINSERT INTO "schema_migrations" ("version") VALUES ('20130707081406')[0m
  [1m[35m (0.6ms)[0m  select sqlite_version(*)
  [1m[36m (0.1ms)[0m  [1mSELECT "schema_migrations"."version" FROM "schema_migrations" [0m
  [1m[35m (0.1ms)[0m  PRAGMA index_list("active_admin_comments")
  [1m[36m (0.1ms)[0m  [1mPRAGMA index_info('index_active_admin_comments_on_author_type_and_author_id')[0m
  [1m[35m (0.0ms)[0m  PRAGMA index_info('index_active_admin_comments_on_namespace')
  [1m[36m (0.0ms)[0m  [1mPRAGMA index_info('index_admin_notes_on_resource_type_and_resource_id')[0m
  [1m[35m (0.0ms)[0m  PRAGMA index_list("admin_users")
  [1m[36m (0.0ms)[0m  [1mPRAGMA index_info('index_admin_users_on_reset_password_token')[0m
  [1m[35m (0.0ms)[0m  PRAGMA index_info('index_admin_users_on_email')
  [1m[36m (0.1ms)[0m  [1mPRAGMA index_list("users")[0m
  [1m[35m (0.0ms)[0m  PRAGMA index_info('index_users_on_authentication_token')
  [1m[36m (0.0ms)[0m  [1mPRAGMA index_info('index_users_on_confirmation_token')[0m
  [1m[35m (0.0ms)[0m  PRAGMA index_info('index_users_on_reset_password_token')
  [1m[36m (0.0ms)[0m  [1mPRAGMA index_info('index_users_on_email')[0m


Started GET "/admin/login" for 127.0.0.1 at 2013-07-07 11:15:53 +0300

NameError (uninitialized constant ActiveAdmin):
  config/routes.rb:2:in `block in <top (required)>'
  config/routes.rb:1:in `<top (required)>'

Rendered /usr/local/lib/ruby/gems/1.9.1/gems/actionpack-3.1.0/lib/action_dispatch/middleware/templates/rescues/_trace.erb (1.7ms)
Rendered /usr/local/lib/ruby/gems/1.9.1/gems/actionpack-3.1.0/lib/action_dispatch/middleware/templates/rescues/_request_and_response.erb (1.1ms)
Rendered /usr/local/lib/ruby/gems/1.9.1/gems/actionpack-3.1.0/lib/action_dispatch/middleware/templates/rescues/diagnostics.erb within rescues/layout (116.7ms)


Started GET "/admin/login" for 127.0.0.1 at 2013-07-07 11:17:23 +0300
  Processing by ActiveAdmin::Devise::SessionsController#new as HTML
Rendered /usr/local/lib/ruby/gems/1.9.1/gems/activeadmin-0.6.0/app/views/active_admin/devise/shared/_links.erb (1.7ms)
Rendered /usr/local/lib/ruby/gems/1.9.1/gems/activeadmin-0.6.0/app/views/active_admin/devise/sessions/new.html.erb within layouts/active_admin_logged_out (717.0ms)
Compiled active_admin.css  (3294ms)  (pid 28473)
Compiled active_admin/print.css  (192ms)  (pid 28473)
Compiled active_admin.js  (1ms)  (pid 28473)
Completed 500 Internal Server Error in 4623ms

ActionView::Template::Error (couldn't find file 'jquery-ui'
  (in /usr/local/lib/ruby/gems/1.9.1/gems/activeadmin-0.6.0/app/assets/javascripts/active_admin/base.js:2)):
    9:     <%= stylesheet_link_tag style.path, style.options.dup %>
    10:   <% end %>
    11:   <% ActiveAdmin.application.javascripts.each do |path| %>
    12:     <%= javascript_include_tag path %>
    13:   <% end %>
    14: 
    15:   <%= csrf_meta_tag %>
  

Rendered /usr/local/lib/ruby/gems/1.9.1/gems/actionpack-3.1.0/lib/action_dispatch/middleware/templates/rescues/_trace.erb (1.6ms)
Rendered /usr/local/lib/ruby/gems/1.9.1/gems/actionpack-3.1.0/lib/action_dispatch/middleware/templates/rescues/_request_and_response.erb (1.6ms)
Rendered /usr/local/lib/ruby/gems/1.9.1/gems/actionpack-3.1.0/lib/action_dispatch/middleware/templates/rescues/template_error.erb within rescues/layout (7.0ms)


Started GET "/admin/login" for 127.0.0.1 at 2013-07-07 11:18:58 +0300
  Processing by ActiveAdmin::Devise::SessionsController#new as HTML
Rendered /usr/local/lib/ruby/gems/1.9.1/gems/activeadmin-0.6.0/app/views/active_admin/devise/shared/_links.erb (1.6ms)
Rendered /usr/local/lib/ruby/gems/1.9.1/gems/activeadmin-0.6.0/app/views/active_admin/devise/sessions/new.html.erb within layouts/active_admin_logged_out (81.6ms)
Compiled active_admin.js  (1ms)  (pid 28473)
Completed 500 Internal Server Error in 136ms

ActionView::Template::Error (couldn't find file 'jquery-ui'
  (in /usr/local/lib/ruby/gems/1.9.1/gems/activeadmin-0.6.0/app/assets/javascripts/active_admin/base.js:2)):
    9:     <%= stylesheet_link_tag style.path, style.options.dup %>
    10:   <% end %>
    11:   <% ActiveAdmin.application.javascripts.each do |path| %>
    12:     <%= javascript_include_tag path %>
    13:   <% end %>
    14: 
    15:   <%= csrf_meta_tag %>
  

Rendered /usr/local/lib/ruby/gems/1.9.1/gems/actionpack-3.1.0/lib/action_dispatch/middleware/templates/rescues/_trace.erb (1.6ms)
Rendered /usr/local/lib/ruby/gems/1.9.1/gems/actionpack-3.1.0/lib/action_dispatch/middleware/templates/rescues/_request_and_response.erb (1.4ms)
Rendered /usr/local/lib/ruby/gems/1.9.1/gems/actionpack-3.1.0/lib/action_dispatch/middleware/templates/rescues/template_error.erb within rescues/layout (7.0ms)
  [1m[36m (0.3ms)[0m  [1mSELECT "schema_migrations"."version" FROM "schema_migrations" [0m
Migrating to DeviseCreateUsers (20130705125335)
Migrating to DeviseCreateAdminUsers (20130707081353)
Migrating to CreateAdminNotes (20130707081405)
Migrating to MoveAdminNotesToComments (20130707081406)
  [1m[35m (1.1ms)[0m  select sqlite_version(*)
  [1m[36m (0.1ms)[0m  [1mSELECT "schema_migrations"."version" FROM "schema_migrations" [0m
  [1m[35m (0.1ms)[0m  PRAGMA index_list("active_admin_comments")
  [1m[36m (0.0ms)[0m  [1mPRAGMA index_info('index_active_admin_comments_on_author_type_and_author_id')[0m
  [1m[35m (0.0ms)[0m  PRAGMA index_info('index_active_admin_comments_on_namespace')
  [1m[36m (0.0ms)[0m  [1mPRAGMA index_info('index_admin_notes_on_resource_type_and_resource_id')[0m
  [1m[35m (0.0ms)[0m  PRAGMA index_list("admin_users")
  [1m[36m (0.0ms)[0m  [1mPRAGMA index_info('index_admin_users_on_reset_password_token')[0m
  [1m[35m (0.0ms)[0m  PRAGMA index_info('index_admin_users_on_email')
  [1m[36m (0.1ms)[0m  [1mPRAGMA index_list("users")[0m
  [1m[35m (0.0ms)[0m  PRAGMA index_info('index_users_on_authentication_token')
  [1m[36m (0.0ms)[0m  [1mPRAGMA index_info('index_users_on_confirmation_token')[0m
  [1m[35m (0.0ms)[0m  PRAGMA index_info('index_users_on_reset_password_token')
  [1m[36m (0.0ms)[0m  [1mPRAGMA index_info('index_users_on_email')[0m


Started GET "/admin/login" for 127.0.0.1 at 2013-07-07 11:26:32 +0300
  Processing by ActiveAdmin::Devise::SessionsController#new as HTML
Rendered /usr/local/lib/ruby/gems/1.9.1/gems/activeadmin-0.6.0/app/views/active_admin/devise/shared/_links.erb (1.0ms)
Rendered /usr/local/lib/ruby/gems/1.9.1/gems/activeadmin-0.6.0/app/views/active_admin/devise/sessions/new.html.erb within layouts/active_admin_logged_out (26.4ms)
Compiled active_admin.js  (1ms)  (pid 28473)
Completed 500 Internal Server Error in 77ms

ActionView::Template::Error (couldn't find file 'jquery-ui'
  (in /usr/local/lib/ruby/gems/1.9.1/gems/activeadmin-0.6.0/app/assets/javascripts/active_admin/base.js:2)):
    9:     <%= stylesheet_link_tag style.path, style.options.dup %>
    10:   <% end %>
    11:   <% ActiveAdmin.application.javascripts.each do |path| %>
    12:     <%= javascript_include_tag path %>
    13:   <% end %>
    14: 
    15:   <%= csrf_meta_tag %>
  

Rendered /usr/local/lib/ruby/gems/1.9.1/gems/actionpack-3.1.0/lib/action_dispatch/middleware/templates/rescues/_trace.erb (1.9ms)
Rendered /usr/local/lib/ruby/gems/1.9.1/gems/actionpack-3.1.0/lib/action_dispatch/middleware/templates/rescues/_request_and_response.erb (130.8ms)
Rendered /usr/local/lib/ruby/gems/1.9.1/gems/actionpack-3.1.0/lib/action_dispatch/middleware/templates/rescues/template_error.erb within rescues/layout (290.6ms)


Started GET "/admin/login" for 127.0.0.1 at 2013-07-07 11:27:12 +0300
  Processing by ActiveAdmin::Devise::SessionsController#new as HTML
Rendered /usr/local/lib/ruby/gems/1.9.1/gems/activeadmin-0.6.0/app/views/active_admin/devise/shared/_links.erb (2.0ms)
Rendered /usr/local/lib/ruby/gems/1.9.1/gems/activeadmin-0.6.0/app/views/active_admin/devise/sessions/new.html.erb within layouts/active_admin_logged_out (908.0ms)
Compiled active_admin.js  (11ms)  (pid 28753)
Completed 500 Internal Server Error in 1242ms

ActionView::Template::Error (couldn't find file 'jquery-ui'
  (in /usr/local/lib/ruby/gems/1.9.1/gems/activeadmin-0.6.0/app/assets/javascripts/active_admin/base.js:2)):
    9:     <%= stylesheet_link_tag style.path, style.options.dup %>
    10:   <% end %>
    11:   <% ActiveAdmin.application.javascripts.each do |path| %>
    12:     <%= javascript_include_tag path %>
    13:   <% end %>
    14: 
    15:   <%= csrf_meta_tag %>
  

Rendered /usr/local/lib/ruby/gems/1.9.1/gems/actionpack-3.1.0/lib/action_dispatch/middleware/templates/rescues/_trace.erb (1.3ms)
Rendered /usr/local/lib/ruby/gems/1.9.1/gems/actionpack-3.1.0/lib/action_dispatch/middleware/templates/rescues/_request_and_response.erb (0.8ms)
Rendered /usr/local/lib/ruby/gems/1.9.1/gems/actionpack-3.1.0/lib/action_dispatch/middleware/templates/rescues/template_error.erb within rescues/layout (5.7ms)
  [1m[36m (0.1ms)[0m  [1mSELECT "schema_migrations"."version" FROM "schema_migrations" [0m
Migrating to DeviseCreateUsers (20130705125335)
Migrating to DeviseCreateAdminUsers (20130707081353)
Migrating to CreateAdminNotes (20130707081405)
Migrating to MoveAdminNotesToComments (20130707081406)
  [1m[35m (0.9ms)[0m  select sqlite_version(*)
  [1m[36m (0.1ms)[0m  [1mSELECT "schema_migrations"."version" FROM "schema_migrations" [0m
  [1m[35m (0.1ms)[0m  PRAGMA index_list("active_admin_comments")
  [1m[36m (0.0ms)[0m  [1mPRAGMA index_info('index_active_admin_comments_on_author_type_and_author_id')[0m
  [1m[35m (0.0ms)[0m  PRAGMA index_info('index_active_admin_comments_on_namespace')
  [1m[36m (0.0ms)[0m  [1mPRAGMA index_info('index_admin_notes_on_resource_type_and_resource_id')[0m
  [1m[35m (0.0ms)[0m  PRAGMA index_list("admin_users")
  [1m[36m (0.2ms)[0m  [1mPRAGMA index_info('index_admin_users_on_reset_password_token')[0m
  [1m[35m (0.2ms)[0m  PRAGMA index_info('index_admin_users_on_email')
  [1m[36m (0.1ms)[0m  [1mPRAGMA index_list("users")[0m
  [1m[35m (0.0ms)[0m  PRAGMA index_info('index_users_on_authentication_token')
  [1m[36m (0.0ms)[0m  [1mPRAGMA index_info('index_users_on_confirmation_token')[0m
  [1m[35m (0.0ms)[0m  PRAGMA index_info('index_users_on_reset_password_token')
  [1m[36m (0.1ms)[0m  [1mPRAGMA index_info('index_users_on_email')[0m


Started GET "/admin/login" for 127.0.0.1 at 2013-07-07 11:31:06 +0300
  Processing by ActiveAdmin::Devise::SessionsController#new as HTML
Rendered /usr/local/lib/ruby/gems/1.9.1/gems/activeadmin-0.6.0/app/views/active_admin/devise/shared/_links.erb (2.2ms)
Rendered /usr/local/lib/ruby/gems/1.9.1/gems/activeadmin-0.6.0/app/views/active_admin/devise/sessions/new.html.erb within layouts/active_admin_logged_out (808.5ms)
Compiled active_admin.js  (2ms)  (pid 28768)
Completed 500 Internal Server Error in 1261ms

ActionView::Template::Error (couldn't find file 'jquery-ui'
  (in /usr/local/lib/ruby/gems/1.9.1/gems/activeadmin-0.6.0/app/assets/javascripts/active_admin/base.js:2)):
    9:     <%= stylesheet_link_tag style.path, style.options.dup %>
    10:   <% end %>
    11:   <% ActiveAdmin.application.javascripts.each do |path| %>
    12:     <%= javascript_include_tag path %>
    13:   <% end %>
    14: 
    15:   <%= csrf_meta_tag %>
  

Rendered /usr/local/lib/ruby/gems/1.9.1/gems/actionpack-3.1.0/lib/action_dispatch/middleware/templates/rescues/_trace.erb (2.6ms)
Rendered /usr/local/lib/ruby/gems/1.9.1/gems/actionpack-3.1.0/lib/action_dispatch/middleware/templates/rescues/_request_and_response.erb (1.1ms)
Rendered /usr/local/lib/ruby/gems/1.9.1/gems/actionpack-3.1.0/lib/action_dispatch/middleware/templates/rescues/template_error.erb within rescues/layout (11.0ms)


Started GET "/admin/login" for 127.0.0.1 at 2013-07-07 11:38:48 +0300
  Processing by ActiveAdmin::Devise::SessionsController#new as HTML
Rendered /usr/local/lib/ruby/gems/1.9.1/gems/activeadmin-0.6.0/app/views/active_admin/devise/shared/_links.erb (5.2ms)
Rendered /usr/local/lib/ruby/gems/1.9.1/gems/activeadmin-0.6.0/app/views/active_admin/devise/sessions/new.html.erb within layouts/active_admin_logged_out (801.4ms)
Compiled active_admin.js  (3ms)  (pid 29034)
Compiled active_admin/base.js  (20ms)  (pid 29034)
Compiled jquery.js  (17ms)  (pid 29034)
Compiled jquery-ui.js  (23ms)  (pid 29034)
Compiled jquery_ujs.js  (6ms)  (pid 29034)
Compiled active_admin/application.js  (45ms)  (pid 29034)
Compiled active_admin/lib/namespace.js  (485ms)  (pid 29034)
Compiled active_admin/components/jquery.aa.checkbox-toggler.js  (105ms)  (pid 29034)
Compiled active_admin/components/jquery.aa.dropdown-menu.js  (190ms)  (pid 29034)
Compiled active_admin/components/jquery.aa.popover.js  (110ms)  (pid 29034)
Compiled active_admin/components/jquery.aa.table-checkbox-toggler.js  (71ms)  (pid 29034)
Compiled active_admin/pages/application.js  (9ms)  (pid 29034)
Compiled active_admin/pages/batch_actions.js  (45ms)  (pid 29034)
Completed 200 OK in 2419ms (Views: 2366.7ms | ActiveRecord: 0.0ms)


Started GET "/assets/active_admin.css?body=1" for 127.0.0.1 at 2013-07-07 11:38:51 +0300
Served asset /active_admin.css - 200 OK (145ms)


Started GET "/assets/jquery.js?body=1" for 127.0.0.1 at 2013-07-07 11:38:51 +0300
Served asset /jquery.js - 200 OK (14ms)


Started GET "/assets/jquery_ujs.js?body=1" for 127.0.0.1 at 2013-07-07 11:38:51 +0300
Served asset /jquery_ujs.js - 200 OK (17ms)


Started GET "/assets/active_admin/components/jquery.aa.checkbox-toggler.js?body=1" for 127.0.0.1 at 2013-07-07 11:38:51 +0300
Served asset /active_admin/components/jquery.aa.checkbox-toggler.js - 200 OK (12ms)


Started GET "/assets/active_admin/lib/namespace.js?body=1" for 127.0.0.1 at 2013-07-07 11:38:51 +0300
Served asset /active_admin/lib/namespace.js - 200 OK (44ms)


Started GET "/assets/jquery-ui.js?body=1" for 127.0.0.1 at 2013-07-07 11:38:51 +0300
Served asset /jquery-ui.js - 200 OK (58ms)


Started GET "/assets/active_admin/components/jquery.aa.dropdown-menu.js?body=1" for 127.0.0.1 at 2013-07-07 11:38:52 +0300
Served asset /active_admin/components/jquery.aa.dropdown-menu.js - 200 OK (15ms)


Started GET "/assets/active_admin/components/jquery.aa.popover.js?body=1" for 127.0.0.1 at 2013-07-07 11:38:52 +0300
Served asset /active_admin/components/jquery.aa.popover.js - 200 OK (5ms)


Started GET "/assets/active_admin/components/jquery.aa.table-checkbox-toggler.js?body=1" for 127.0.0.1 at 2013-07-07 11:38:52 +0300
Served asset /active_admin/components/jquery.aa.table-checkbox-toggler.js - 200 OK (18ms)


Started GET "/assets/active_admin/pages/application.js?body=1" for 127.0.0.1 at 2013-07-07 11:38:52 +0300
Served asset /active_admin/pages/application.js - 200 OK (8ms)


Started GET "/assets/active_admin/pages/batch_actions.js?body=1" for 127.0.0.1 at 2013-07-07 11:38:52 +0300
Served asset /active_admin/pages/batch_actions.js - 200 OK (9ms)


Started GET "/assets/active_admin/application.js?body=1" for 127.0.0.1 at 2013-07-07 11:38:52 +0300
Served asset /active_admin/application.js - 200 OK (16ms)


Started GET "/assets/active_admin/base.js?body=1" for 127.0.0.1 at 2013-07-07 11:38:52 +0300
Served asset /active_admin/base.js - 200 OK (86ms)


Started GET "/assets/active_admin.js?body=1" for 127.0.0.1 at 2013-07-07 11:38:52 +0300
Served asset /active_admin.js - 200 OK (152ms)


Started GET "/assets/active_admin/print.css?body=1" for 127.0.0.1 at 2013-07-07 11:38:53 +0300
Served asset /active_admin/print.css - 200 OK (5ms)


Started POST "/admin/login" for 127.0.0.1 at 2013-07-07 11:40:14 +0300
  Processing by ActiveAdmin::Devise::SessionsController#create as HTML
  Parameters: {"utf8"=>"✓", "authenticity_token"=>"9e3CdCBf5ciM7Hx+FbQbnYSGqwljthRM02ZP2d1lSvI=", "admin_user"=>{"email"=>"admin@example.com", "password"=>"[FILTERED]", "remember_me"=>"0"}, "commit"=>"<span class="}
  [1m[36mAdminUser Load (0.7ms)[0m  [1mSELECT "admin_users".* FROM "admin_users" WHERE "admin_users"."email" = 'admin@example.com' LIMIT 1[0m
  [1m[35m (0.8ms)[0m  UPDATE "admin_users" SET "last_sign_in_at" = '2013-07-07 08:40:14.499924', "current_sign_in_at" = '2013-07-07 08:40:14.499924', "last_sign_in_ip" = '127.0.0.1', "current_sign_in_ip" = '127.0.0.1', "sign_in_count" = 1, "updated_at" = '2013-07-07 08:40:14.501889' WHERE "admin_users"."id" = 1
Redirected to http://localhost:3000/admin
Completed 302 Found in 580ms


Started GET "/admin" for 127.0.0.1 at 2013-07-07 11:40:14 +0300
  Processing by Admin::DashboardController#index as HTML
  [1m[36mAdminUser Load (0.1ms)[0m  [1mSELECT "admin_users".* FROM "admin_users" WHERE "admin_users"."id" = 1 LIMIT 1[0m
Rendered /usr/local/lib/ruby/gems/1.9.1/gems/activeadmin-0.6.0/app/views/active_admin/page/index.html.arb (19.6ms)
Completed 200 OK in 325ms (Views: 49.8ms | ActiveRecord: 1.5ms)


Started GET "/assets/active_admin.js" for 127.0.0.1 at 2013-07-07 11:40:15 +0300
Served asset /active_admin.js - 200 OK (1ms)


Started GET "/admin/admin_users" for 127.0.0.1 at 2013-07-07 11:40:29 +0300
  Processing by Admin::AdminUsersController#index as HTML
  [1m[35mAdminUser Load (1.2ms)[0m  SELECT "admin_users".* FROM "admin_users" WHERE "admin_users"."id" = 1 LIMIT 1
  [1m[36m (0.4ms)[0m  [1mSELECT COUNT(count_column) FROM (SELECT 1 AS count_column FROM "admin_users" LIMIT 30 OFFSET 0) subquery_for_count [0m
  [1m[35m (0.2ms)[0m  SELECT COUNT(*) FROM "admin_users" 
  [1m[36mCACHE (0.0ms)[0m  [1mSELECT COUNT(count_column) FROM (SELECT 1 AS count_column FROM "admin_users" LIMIT 30 OFFSET 0) subquery_for_count [0m
  [1m[35mAdminUser Load (0.3ms)[0m  SELECT "admin_users".* FROM "admin_users" ORDER BY "admin_users"."id" desc LIMIT 30 OFFSET 0
Rendered /usr/local/lib/ruby/gems/1.9.1/gems/activeadmin-0.6.0/app/views/active_admin/resource/index.html.arb (270.7ms)
Completed 200 OK in 480ms (Views: 310.0ms | ActiveRecord: 4.1ms)


Started GET "/assets/active_admin.js" for 127.0.0.1 at 2013-07-07 11:40:29 +0300
Served asset /active_admin.js - 304 Not Modified (1ms)


Started GET "/assets/active_admin/orderable.png" for 127.0.0.1 at 2013-07-07 11:40:30 +0300
Served asset /active_admin/orderable.png - 200 OK (38ms)


Started GET "/admin/users" for 127.0.0.1 at 2013-07-07 11:40:40 +0300
  Processing by Admin::UsersController#index as HTML
  [1m[36mAdminUser Load (0.2ms)[0m  [1mSELECT "admin_users".* FROM "admin_users" WHERE "admin_users"."id" = 1 LIMIT 1[0m
  [1m[35m (0.1ms)[0m  SELECT COUNT(count_column) FROM (SELECT 1 AS count_column FROM "users" LIMIT 30 OFFSET 0) subquery_for_count 
  [1m[36m (0.2ms)[0m  [1mSELECT COUNT(*) FROM "users" [0m
  [1m[35mCACHE (0.0ms)[0m  SELECT COUNT(count_column) FROM (SELECT 1 AS count_column FROM "users" LIMIT 30 OFFSET 0) subquery_for_count 
  [1m[36mUser Load (0.4ms)[0m  [1mSELECT "users".* FROM "users" ORDER BY "users"."id" desc LIMIT 30 OFFSET 0[0m
Rendered /usr/local/lib/ruby/gems/1.9.1/gems/activeadmin-0.6.0/app/views/active_admin/resource/index.html.arb (252.5ms)
Completed 200 OK in 444ms (Views: 257.6ms | ActiveRecord: 3.0ms)


Started GET "/assets/active_admin.js" for 127.0.0.1 at 2013-07-07 11:40:41 +0300
Served asset /active_admin.js - 304 Not Modified (1ms)
  [1m[36m (154.7ms)[0m  [1mCREATE TABLE "schema_migrations" ("version" character varying(255) NOT NULL) [0m
  [1m[35m (0.7ms)[0m  SHOW search_path
  [1m[36m (21.2ms)[0m  [1m SELECT distinct i.relname, d.indisunique, d.indkey, t.oid
 FROM pg_class t
 INNER JOIN pg_index d ON t.oid = d.indrelid
 INNER JOIN pg_class i ON d.indexrelid = i.oid
 WHERE i.relkind = 'i'
 AND d.indisprimary = 'f'
 AND t.relname = 'schema_migrations'
 AND i.relnamespace IN (SELECT oid FROM pg_namespace WHERE nspname IN ('"$user"','public') )
 ORDER BY i.relname
[0m
  [1m[35m (47.5ms)[0m  CREATE UNIQUE INDEX "unique_schema_migrations" ON "schema_migrations" ("version")
  [1m[36m (1.2ms)[0m  [1mSELECT "schema_migrations"."version" FROM "schema_migrations" [0m
Migrating to DeviseCreateUsers (20130705125335)
  [1m[35m (0.2ms)[0m  BEGIN
  [1m[36m (70.3ms)[0m  [1mCREATE TABLE "users" ("id" serial primary key, "name" character varying(255) DEFAULT '' NOT NULL, "email" character varying(255) DEFAULT '' NOT NULL, "encrypted_password" character varying(255) DEFAULT '' NOT NULL, "reset_password_token" character varying(255), "reset_password_sent_at" timestamp, "remember_created_at" timestamp, "sign_in_count" integer DEFAULT 0, "current_sign_in_at" timestamp, "last_sign_in_at" timestamp, "current_sign_in_ip" character varying(255), "last_sign_in_ip" character varying(255), "confirmation_token" character varying(255), "confirmed_at" timestamp, "confirmation_sent_at" timestamp, "authentication_token" character varying(255), "created_at" timestamp, "updated_at" timestamp) [0m
  [1m[35m (4.8ms)[0m   SELECT distinct i.relname, d.indisunique, d.indkey, t.oid
 FROM pg_class t
 INNER JOIN pg_index d ON t.oid = d.indrelid
 INNER JOIN pg_class i ON d.indexrelid = i.oid
 WHERE i.relkind = 'i'
 AND d.indisprimary = 'f'
 AND t.relname = 'users'
 AND i.relnamespace IN (SELECT oid FROM pg_namespace WHERE nspname IN ('"$user"','public') )
 ORDER BY i.relname
  [1m[36m (6.0ms)[0m  [1mCREATE UNIQUE INDEX "index_users_on_email" ON "users" ("email")[0m
  [1m[35m (2.5ms)[0m   SELECT distinct i.relname, d.indisunique, d.indkey, t.oid
 FROM pg_class t
 INNER JOIN pg_index d ON t.oid = d.indrelid
 INNER JOIN pg_class i ON d.indexrelid = i.oid
 WHERE i.relkind = 'i'
 AND d.indisprimary = 'f'
 AND t.relname = 'users'
 AND i.relnamespace IN (SELECT oid FROM pg_namespace WHERE nspname IN ('"$user"','public') )
 ORDER BY i.relname
  [1m[36mColumns for index index_users_on_email on users (0.8ms)[0m  [1m SELECT a.attnum, a.attname
 FROM pg_attribute a
 WHERE a.attrelid = 16393
 AND a.attnum IN (3)
[0m
  [1m[35m (10.7ms)[0m  CREATE UNIQUE INDEX "index_users_on_reset_password_token" ON "users" ("reset_password_token")
  [1m[36m (1.4ms)[0m  [1m SELECT distinct i.relname, d.indisunique, d.indkey, t.oid
 FROM pg_class t
 INNER JOIN pg_index d ON t.oid = d.indrelid
 INNER JOIN pg_class i ON d.indexrelid = i.oid
 WHERE i.relkind = 'i'
 AND d.indisprimary = 'f'
 AND t.relname = 'users'
 AND i.relnamespace IN (SELECT oid FROM pg_namespace WHERE nspname IN ('"$user"','public') )
 ORDER BY i.relname
[0m
  [1m[35mColumns for index index_users_on_email on users (0.4ms)[0m   SELECT a.attnum, a.attname
 FROM pg_attribute a
 WHERE a.attrelid = 16393
 AND a.attnum IN (3)
  [1m[36mColumns for index index_users_on_reset_password_token on users (0.4ms)[0m  [1m SELECT a.attnum, a.attname
 FROM pg_attribute a
 WHERE a.attrelid = 16393
 AND a.attnum IN (5)
[0m
  [1m[35m (6.1ms)[0m  CREATE UNIQUE INDEX "index_users_on_confirmation_token" ON "users" ("confirmation_token")
  [1m[36m (4.5ms)[0m  [1m SELECT distinct i.relname, d.indisunique, d.indkey, t.oid
 FROM pg_class t
 INNER JOIN pg_index d ON t.oid = d.indrelid
 INNER JOIN pg_class i ON d.indexrelid = i.oid
 WHERE i.relkind = 'i'
 AND d.indisprimary = 'f'
 AND t.relname = 'users'
 AND i.relnamespace IN (SELECT oid FROM pg_namespace WHERE nspname IN ('"$user"','public') )
 ORDER BY i.relname
[0m
  [1m[35mColumns for index index_users_on_confirmation_token on users (1.4ms)[0m   SELECT a.attnum, a.attname
 FROM pg_attribute a
 WHERE a.attrelid = 16393
 AND a.attnum IN (13)
  [1m[36mColumns for index index_users_on_email on users (1.7ms)[0m  [1m SELECT a.attnum, a.attname
 FROM pg_attribute a
 WHERE a.attrelid = 16393
 AND a.attnum IN (3)
[0m
  [1m[35mColumns for index index_users_on_reset_password_token on users (0.5ms)[0m   SELECT a.attnum, a.attname
 FROM pg_attribute a
 WHERE a.attrelid = 16393
 AND a.attnum IN (5)
  [1m[36m (13.4ms)[0m  [1mCREATE UNIQUE INDEX "index_users_on_authentication_token" ON "users" ("authentication_token")[0m
  [1m[35m (2.3ms)[0m  INSERT INTO "schema_migrations" ("version") VALUES ('20130705125335')
  [1m[36m (6.3ms)[0m  [1mCOMMIT[0m
Migrating to DeviseCreateAdminUsers (20130707081353)
  [1m[35m (7.2ms)[0m  BEGIN
  [1m[36m (53.0ms)[0m  [1mCREATE TABLE "admin_users" ("id" serial primary key, "email" character varying(255) DEFAULT '' NOT NULL, "encrypted_password" character varying(255) DEFAULT '' NOT NULL, "reset_password_token" character varying(255), "reset_password_sent_at" timestamp, "remember_created_at" timestamp, "sign_in_count" integer DEFAULT 0, "current_sign_in_at" timestamp, "last_sign_in_at" timestamp, "current_sign_in_ip" character varying(255), "last_sign_in_ip" character varying(255), "created_at" timestamp, "updated_at" timestamp) [0m
  [1m[35m (4.4ms)[0m   SELECT distinct i.relname, d.indisunique, d.indkey, t.oid
 FROM pg_class t
 INNER JOIN pg_index d ON t.oid = d.indrelid
 INNER JOIN pg_class i ON d.indexrelid = i.oid
 WHERE i.relkind = 'i'
 AND d.indisprimary = 'f'
 AND t.relname = 'admin_users'
 AND i.relnamespace IN (SELECT oid FROM pg_namespace WHERE nspname IN ('"$user"','public') )
 ORDER BY i.relname
  [1m[36m (16.9ms)[0m  [1mCREATE UNIQUE INDEX "index_admin_users_on_email" ON "admin_users" ("email")[0m
  [1m[35m (1.4ms)[0m   SELECT distinct i.relname, d.indisunique, d.indkey, t.oid
 FROM pg_class t
 INNER JOIN pg_index d ON t.oid = d.indrelid
 INNER JOIN pg_class i ON d.indexrelid = i.oid
 WHERE i.relkind = 'i'
 AND d.indisprimary = 'f'
 AND t.relname = 'admin_users'
 AND i.relnamespace IN (SELECT oid FROM pg_namespace WHERE nspname IN ('"$user"','public') )
 ORDER BY i.relname
  [1m[36mColumns for index index_admin_users_on_email on admin_users (0.3ms)[0m  [1m SELECT a.attnum, a.attname
 FROM pg_attribute a
 WHERE a.attrelid = 16412
 AND a.attnum IN (2)
[0m
  [1m[35m (46.2ms)[0m  CREATE UNIQUE INDEX "index_admin_users_on_reset_password_token" ON "admin_users" ("reset_password_token")
  [1m[36m (1.4ms)[0m  [1mSELECT 1 FROM "admin_users" WHERE "admin_users"."email" = 'admin@example.com' LIMIT 1[0m
  [1m[35mSQL (32.3ms)[0m  INSERT INTO "admin_users" ("created_at", "current_sign_in_at", "current_sign_in_ip", "email", "encrypted_password", "last_sign_in_at", "last_sign_in_ip", "remember_created_at", "reset_password_sent_at", "reset_password_token", "sign_in_count", "updated_at") VALUES ($1, $2, $3, $4, $5, $6, $7, $8, $9, $10, $11, $12) RETURNING "id"  [["created_at", Mon, 08 Jul 2013 14:21:54 UTC +00:00], ["current_sign_in_at", nil], ["current_sign_in_ip", nil], ["email", "admin@example.com"], ["encrypted_password", "$2a$10$LDZSxQPjOzRi4CDWyFZWG.SsAYE5b9n6QTedm/A1w2qhLdbI4Qs8m"], ["last_sign_in_at", nil], ["last_sign_in_ip", nil], ["remember_created_at", nil], ["reset_password_sent_at", nil], ["reset_password_token", nil], ["sign_in_count", 0], ["updated_at", Mon, 08 Jul 2013 14:21:54 UTC +00:00]]
  [1m[36m (1.1ms)[0m  [1mINSERT INTO "schema_migrations" ("version") VALUES ('20130707081353')[0m
  [1m[35m (27.9ms)[0m  COMMIT
Migrating to CreateAdminNotes (20130707081405)
  [1m[36m (0.5ms)[0m  [1mBEGIN[0m
  [1m[35m (20.0ms)[0m  CREATE TABLE "admin_notes" ("id" serial primary key, "resource_id" character varying(255) NOT NULL, "resource_type" character varying(255) NOT NULL, "admin_user_id" integer, "admin_user_type" character varying(255), "body" text, "created_at" timestamp, "updated_at" timestamp) 
  [1m[36m (4.6ms)[0m  [1m SELECT distinct i.relname, d.indisunique, d.indkey, t.oid
 FROM pg_class t
 INNER JOIN pg_index d ON t.oid = d.indrelid
 INNER JOIN pg_class i ON d.indexrelid = i.oid
 WHERE i.relkind = 'i'
 AND d.indisprimary = 'f'
 AND t.relname = 'admin_notes'
 AND i.relnamespace IN (SELECT oid FROM pg_namespace WHERE nspname IN ('"$user"','public') )
 ORDER BY i.relname
[0m
  [1m[35m (7.4ms)[0m  CREATE INDEX "index_admin_notes_on_resource_type_and_resource_id" ON "admin_notes" ("resource_type", "resource_id")
  [1m[36m (18.8ms)[0m  [1m SELECT distinct i.relname, d.indisunique, d.indkey, t.oid
 FROM pg_class t
 INNER JOIN pg_index d ON t.oid = d.indrelid
 INNER JOIN pg_class i ON d.indexrelid = i.oid
 WHERE i.relkind = 'i'
 AND d.indisprimary = 'f'
 AND t.relname = 'admin_notes'
 AND i.relnamespace IN (SELECT oid FROM pg_namespace WHERE nspname IN ('"$user"','public') )
 ORDER BY i.relname
[0m
  [1m[35mColumns for index index_admin_notes_on_resource_type_and_resource_id on admin_notes (0.9ms)[0m   SELECT a.attnum, a.attname
 FROM pg_attribute a
 WHERE a.attrelid = 16428
 AND a.attnum IN (3,2)
  [1m[36m (5.1ms)[0m  [1mCREATE INDEX "index_admin_notes_on_admin_user_type_and_admin_user_id" ON "admin_notes" ("admin_user_type", "admin_user_id")[0m
  [1m[35m (0.8ms)[0m  INSERT INTO "schema_migrations" ("version") VALUES ('20130707081405')
  [1m[36m (2.0ms)[0m  [1mCOMMIT[0m
Migrating to MoveAdminNotesToComments (20130707081406)
  [1m[35m (0.4ms)[0m  BEGIN
  [1m[36m (1.1ms)[0m  [1m SELECT distinct i.relname, d.indisunique, d.indkey, t.oid
 FROM pg_class t
 INNER JOIN pg_index d ON t.oid = d.indrelid
 INNER JOIN pg_class i ON d.indexrelid = i.oid
 WHERE i.relkind = 'i'
 AND d.indisprimary = 'f'
 AND t.relname = 'admin_notes'
 AND i.relnamespace IN (SELECT oid FROM pg_namespace WHERE nspname IN ('"$user"','public') )
 ORDER BY i.relname
[0m
  [1m[35mColumns for index index_admin_notes_on_admin_user_type_and_admin_user_id on admin_notes (0.5ms)[0m   SELECT a.attnum, a.attname
 FROM pg_attribute a
 WHERE a.attrelid = 16428
 AND a.attnum IN (5,4)
  [1m[36mColumns for index index_admin_notes_on_resource_type_and_resource_id on admin_notes (0.3ms)[0m  [1m SELECT a.attnum, a.attname
 FROM pg_attribute a
 WHERE a.attrelid = 16428
 AND a.attnum IN (3,2)
[0m
  [1m[35m (27.9ms)[0m  DROP INDEX "index_admin_notes_on_admin_user_type_and_admin_user_id"
  [1m[36m (1.2ms)[0m  [1mALTER TABLE "admin_notes" RENAME TO "active_admin_comments"[0m
  [1m[35m (0.3ms)[0m  ALTER TABLE "active_admin_comments" RENAME COLUMN "admin_user_type" TO "author_type"
  [1m[36m (0.2ms)[0m  [1mALTER TABLE "active_admin_comments" RENAME COLUMN "admin_user_id" TO "author_id"[0m
  [1m[35m (0.5ms)[0m  ALTER TABLE "active_admin_comments" ADD COLUMN "namespace" character varying(255)
  [1m[36m (1.8ms)[0m  [1m SELECT distinct i.relname, d.indisunique, d.indkey, t.oid
 FROM pg_class t
 INNER JOIN pg_index d ON t.oid = d.indrelid
 INNER JOIN pg_class i ON d.indexrelid = i.oid
 WHERE i.relkind = 'i'
 AND d.indisprimary = 'f'
 AND t.relname = 'active_admin_comments'
 AND i.relnamespace IN (SELECT oid FROM pg_namespace WHERE nspname IN ('"$user"','public') )
 ORDER BY i.relname
[0m
  [1m[35mColumns for index index_admin_notes_on_resource_type_and_resource_id on active_admin_comments (0.7ms)[0m   SELECT a.attnum, a.attname
 FROM pg_attribute a
 WHERE a.attrelid = 16428
 AND a.attnum IN (3,2)
  [1m[36m (8.7ms)[0m  [1mCREATE INDEX "index_active_admin_comments_on_namespace" ON "active_admin_comments" ("namespace")[0m
  [1m[35m (4.1ms)[0m   SELECT distinct i.relname, d.indisunique, d.indkey, t.oid
 FROM pg_class t
 INNER JOIN pg_index d ON t.oid = d.indrelid
 INNER JOIN pg_class i ON d.indexrelid = i.oid
 WHERE i.relkind = 'i'
 AND d.indisprimary = 'f'
 AND t.relname = 'active_admin_comments'
 AND i.relnamespace IN (SELECT oid FROM pg_namespace WHERE nspname IN ('"$user"','public') )
 ORDER BY i.relname
  [1m[36mColumns for index index_active_admin_comments_on_namespace on active_admin_comments (0.4ms)[0m  [1m SELECT a.attnum, a.attname
 FROM pg_attribute a
 WHERE a.attrelid = 16428
 AND a.attnum IN (9)
[0m
  [1m[35mColumns for index index_admin_notes_on_resource_type_and_resource_id on active_admin_comments (0.1ms)[0m   SELECT a.attnum, a.attname
 FROM pg_attribute a
 WHERE a.attrelid = 16428
 AND a.attnum IN (3,2)
  [1m[36m (3.7ms)[0m  [1mCREATE INDEX "index_active_admin_comments_on_author_type_and_author_id" ON "active_admin_comments" ("author_type", "author_id")[0m
  [1m[35m (0.7ms)[0m  UPDATE active_admin_comments SET namespace='admin'
  [1m[36m (0.2ms)[0m  [1mINSERT INTO "schema_migrations" ("version") VALUES ('20130707081406')[0m
  [1m[35m (5.2ms)[0m  COMMIT
  [1m[36m (0.8ms)[0m  [1mSELECT "schema_migrations"."version" FROM "schema_migrations" [0m
  [1m[35m (0.2ms)[0m  SHOW search_path
  [1m[36m (2.3ms)[0m  [1m SELECT distinct i.relname, d.indisunique, d.indkey, t.oid
 FROM pg_class t
 INNER JOIN pg_index d ON t.oid = d.indrelid
 INNER JOIN pg_class i ON d.indexrelid = i.oid
 WHERE i.relkind = 'i'
 AND d.indisprimary = 'f'
 AND t.relname = 'active_admin_comments'
 AND i.relnamespace IN (SELECT oid FROM pg_namespace WHERE nspname IN ('"$user"','public') )
 ORDER BY i.relname
[0m
  [1m[35mColumns for index index_active_admin_comments_on_author_type_and_author_id on active_admin_comments (0.7ms)[0m   SELECT a.attnum, a.attname
 FROM pg_attribute a
 WHERE a.attrelid = 16428
 AND a.attnum IN (5,4)
  [1m[36mColumns for index index_active_admin_comments_on_namespace on active_admin_comments (0.6ms)[0m  [1m SELECT a.attnum, a.attname
 FROM pg_attribute a
 WHERE a.attrelid = 16428
 AND a.attnum IN (9)
[0m
  [1m[35mColumns for index index_admin_notes_on_resource_type_and_resource_id on active_admin_comments (0.4ms)[0m   SELECT a.attnum, a.attname
 FROM pg_attribute a
 WHERE a.attrelid = 16428
 AND a.attnum IN (3,2)
  [1m[36m (1.7ms)[0m  [1m SELECT distinct i.relname, d.indisunique, d.indkey, t.oid
 FROM pg_class t
 INNER JOIN pg_index d ON t.oid = d.indrelid
 INNER JOIN pg_class i ON d.indexrelid = i.oid
 WHERE i.relkind = 'i'
 AND d.indisprimary = 'f'
 AND t.relname = 'admin_users'
 AND i.relnamespace IN (SELECT oid FROM pg_namespace WHERE nspname IN ('"$user"','public') )
 ORDER BY i.relname
[0m
  [1m[35mColumns for index index_admin_users_on_email on admin_users (0.4ms)[0m   SELECT a.attnum, a.attname
 FROM pg_attribute a
 WHERE a.attrelid = 16412
 AND a.attnum IN (2)
  [1m[36mColumns for index index_admin_users_on_reset_password_token on admin_users (0.3ms)[0m  [1m SELECT a.attnum, a.attname
 FROM pg_attribute a
 WHERE a.attrelid = 16412
 AND a.attnum IN (4)
[0m
  [1m[35m (1.2ms)[0m   SELECT distinct i.relname, d.indisunique, d.indkey, t.oid
 FROM pg_class t
 INNER JOIN pg_index d ON t.oid = d.indrelid
 INNER JOIN pg_class i ON d.indexrelid = i.oid
 WHERE i.relkind = 'i'
 AND d.indisprimary = 'f'
 AND t.relname = 'users'
 AND i.relnamespace IN (SELECT oid FROM pg_namespace WHERE nspname IN ('"$user"','public') )
 ORDER BY i.relname
  [1m[36mColumns for index index_users_on_authentication_token on users (0.5ms)[0m  [1m SELECT a.attnum, a.attname
 FROM pg_attribute a
 WHERE a.attrelid = 16393
 AND a.attnum IN (16)
[0m
  [1m[35mColumns for index index_users_on_confirmation_token on users (0.3ms)[0m   SELECT a.attnum, a.attname
 FROM pg_attribute a
 WHERE a.attrelid = 16393
 AND a.attnum IN (13)
  [1m[36mColumns for index index_users_on_email on users (0.3ms)[0m  [1m SELECT a.attnum, a.attname
 FROM pg_attribute a
 WHERE a.attrelid = 16393
 AND a.attnum IN (3)
[0m
  [1m[35mColumns for index index_users_on_reset_password_token on users (0.5ms)[0m   SELECT a.attnum, a.attname
 FROM pg_attribute a
 WHERE a.attrelid = 16393
 AND a.attnum IN (5)


Started POST "/api/v1/registrations" for 127.0.0.1 at 2013-07-08 17:24:08 +0300
  Processing by Api::V1::RegistrationsController#create as JSON
  Parameters: {"user"=>{"email"=>"user2@example.com", "name"=>"anotheruser2", "password"=>"[FILTERED]", "password_confirmation"=>"[FILTERED]"}, "registration"=>{"user"=>{"email"=>"user2@example.com", "name"=>"anotheruser2", "password"=>"[FILTERED]", "password_confirmation"=>"[FILTERED]"}, "action"=>"create", "controller"=>"api/v1/registrations"}}
  [1m[36m (1.4ms)[0m  [1mBEGIN[0m
  [1m[35m (3.9ms)[0m  SELECT 1 FROM "users" WHERE "users"."email" = 'user2@example.com' LIMIT 1
  [1m[36mUser Load (1.3ms)[0m  [1mSELECT "users".* FROM "users" WHERE "users"."authentication_token" = 'CzxT8kuDhNHsYCAfSeUx' LIMIT 1[0m
  [1m[35mSQL (17.4ms)[0m  INSERT INTO "users" ("authentication_token", "confirmation_sent_at", "confirmation_token", "confirmed_at", "created_at", "current_sign_in_at", "current_sign_in_ip", "email", "encrypted_password", "last_sign_in_at", "last_sign_in_ip", "name", "remember_created_at", "reset_password_sent_at", "reset_password_token", "sign_in_count", "updated_at") VALUES ($1, $2, $3, $4, $5, $6, $7, $8, $9, $10, $11, $12, $13, $14, $15, $16, $17) RETURNING "id"  [["authentication_token", "CzxT8kuDhNHsYCAfSeUx"], ["confirmation_sent_at", nil], ["confirmation_token", nil], ["confirmed_at", Mon, 08 Jul 2013 14:24:08 UTC +00:00], ["created_at", Mon, 08 Jul 2013 14:24:08 UTC +00:00], ["current_sign_in_at", nil], ["current_sign_in_ip", nil], ["email", "user2@example.com"], ["encrypted_password", "$2a$10$fCbzDhGX/QEyUxr7FiHe4OBHD5YY9VNIDzdYoZNNnustmW3TskFtO"], ["last_sign_in_at", nil], ["last_sign_in_ip", nil], ["name", "anotheruser2"], ["remember_created_at", nil], ["reset_password_sent_at", nil], ["reset_password_token", nil], ["sign_in_count", 0], ["updated_at", Mon, 08 Jul 2013 14:24:08 UTC +00:00]]
  [1m[36m (16.1ms)[0m  [1mCOMMIT[0m
  [1m[35m (0.5ms)[0m  BEGIN
  [1m[36m (0.5ms)[0m  [1mUPDATE "users" SET "last_sign_in_at" = '2013-07-08 14:24:08.813442', "current_sign_in_at" = '2013-07-08 14:24:08.813442', "last_sign_in_ip" = '127.0.0.1', "current_sign_in_ip" = '127.0.0.1', "sign_in_count" = 1, "updated_at" = '2013-07-08 14:24:08.814853' WHERE "users"."id" = 1[0m
  [1m[35m (1.9ms)[0m  COMMIT
Completed 200 OK in 378ms (Views: 32.8ms | ActiveRecord: 53.2ms)
